<?xml version="1.0" encoding="UTF-8"?>
<testsuite xmlns:xsi="http://www.w3.org/2001/XMLSchema-instance" xsi:noNamespaceSchemaLocation="https://maven.apache.org/surefire/maven-surefire-plugin/xsd/surefire-test-report-3.0.xsd" version="3.0" name="stationdemo.RunStationDemoTest" time="0.383" tests="1" errors="0" skipped="0" failures="0">
  <properties>
    <property name="sun.desktop" value="gnome"/>
    <property name="awt.toolkit" value="sun.awt.X11.XToolkit"/>
    <property name="java.specification.version" value="11"/>
    <property name="sun.cpu.isalist" value=""/>
    <property name="sun.jnu.encoding" value="UTF-8"/>
    <property name="java.class.path" value="/home/hippyod/elcicd-dev/Test-CICD-Cucumber-Tests/target/test-classes:/home/hippyod/elcicd-dev/Test-CICD-Cucumber-Tests/target/classes:/home/hippyod/.m2/repository/io/cucumber/cucumber-java/7.14.1/cucumber-java-7.14.1.jar:/home/hippyod/.m2/repository/io/cucumber/cucumber-core/7.14.1/cucumber-core-7.14.1.jar:/home/hippyod/.m2/repository/io/cucumber/cucumber-gherkin/7.14.1/cucumber-gherkin-7.14.1.jar:/home/hippyod/.m2/repository/io/cucumber/cucumber-gherkin-messages/7.14.1/cucumber-gherkin-messages-7.14.1.jar:/home/hippyod/.m2/repository/io/cucumber/gherkin/26.2.0/gherkin-26.2.0.jar:/home/hippyod/.m2/repository/io/cucumber/messages/22.0.0/messages-22.0.0.jar:/home/hippyod/.m2/repository/io/cucumber/tag-expressions/6.0.0/tag-expressions-6.0.0.jar:/home/hippyod/.m2/repository/io/cucumber/cucumber-expressions/17.0.1/cucumber-expressions-17.0.1.jar:/home/hippyod/.m2/repository/io/cucumber/datatable/7.14.1/datatable-7.14.1.jar:/home/hippyod/.m2/repository/io/cucumber/cucumber-plugin/7.14.1/cucumber-plugin-7.14.1.jar:/home/hippyod/.m2/repository/io/cucumber/docstring/7.14.1/docstring-7.14.1.jar:/home/hippyod/.m2/repository/io/cucumber/html-formatter/20.4.0/html-formatter-20.4.0.jar:/home/hippyod/.m2/repository/io/cucumber/junit-xml-formatter/0.2.0/junit-xml-formatter-0.2.0.jar:/home/hippyod/.m2/repository/io/cucumber/ci-environment/10.0.0/ci-environment-10.0.0.jar:/home/hippyod/.m2/repository/org/apiguardian/apiguardian-api/1.1.2/apiguardian-api-1.1.2.jar:/home/hippyod/.m2/repository/io/cucumber/cucumber-junit-platform-engine/7.14.1/cucumber-junit-platform-engine-7.14.1.jar:/home/hippyod/.m2/repository/org/junit/platform/junit-platform-engine/1.10.1/junit-platform-engine-1.10.1.jar:/home/hippyod/.m2/repository/org/opentest4j/opentest4j/1.3.0/opentest4j-1.3.0.jar:/home/hippyod/.m2/repository/org/junit/platform/junit-platform-commons/1.10.1/junit-platform-commons-1.10.1.jar:/home/hippyod/.m2/repository/org/junit/platform/junit-platform-suite/1.10.1/junit-platform-suite-1.10.1.jar:/home/hippyod/.m2/repository/org/junit/platform/junit-platform-suite-api/1.10.1/junit-platform-suite-api-1.10.1.jar:/home/hippyod/.m2/repository/org/junit/platform/junit-platform-suite-engine/1.10.1/junit-platform-suite-engine-1.10.1.jar:/home/hippyod/.m2/repository/org/junit/platform/junit-platform-suite-commons/1.10.1/junit-platform-suite-commons-1.10.1.jar:/home/hippyod/.m2/repository/org/junit/platform/junit-platform-launcher/1.10.1/junit-platform-launcher-1.10.1.jar:/home/hippyod/.m2/repository/org/junit/jupiter/junit-jupiter/5.10.1/junit-jupiter-5.10.1.jar:/home/hippyod/.m2/repository/org/junit/jupiter/junit-jupiter-api/5.10.1/junit-jupiter-api-5.10.1.jar:/home/hippyod/.m2/repository/org/junit/jupiter/junit-jupiter-params/5.10.1/junit-jupiter-params-5.10.1.jar:/home/hippyod/.m2/repository/org/junit/jupiter/junit-jupiter-engine/5.10.1/junit-jupiter-engine-5.10.1.jar:/home/hippyod/.m2/repository/com/fasterxml/jackson/core/jackson-databind/2.15.2/jackson-databind-2.15.2.jar:/home/hippyod/.m2/repository/com/fasterxml/jackson/core/jackson-annotations/2.15.2/jackson-annotations-2.15.2.jar:/home/hippyod/.m2/repository/com/fasterxml/jackson/core/jackson-core/2.15.2/jackson-core-2.15.2.jar:"/>
    <property name="java.vm.vendor" value="Red Hat, Inc."/>
    <property name="sun.arch.data.model" value="64"/>
    <property name="java.vendor.url" value="https://www.redhat.com/"/>
    <property name="user.timezone" value="America/Chicago"/>
    <property name="java.vm.specification.version" value="11"/>
    <property name="os.name" value="Linux"/>
    <property name="sun.java.launcher" value="SUN_STANDARD"/>
    <property name="user.country" value="US"/>
    <property name="sun.boot.library.path" value="/usr/lib/jvm/java-11-openjdk-11.0.20.0.8-1.fc38.x86_64/lib"/>
    <property name="sun.java.command" value="/home/hippyod/elcicd-dev/Test-CICD-Cucumber-Tests/target/surefire/surefirebooter-20231202221710018_3.jar /home/hippyod/elcicd-dev/Test-CICD-Cucumber-Tests/target/surefire 2023-12-02T22-17-09_946-jvmRun1 surefire-20231202221710018_1tmp surefire_0-20231202221710018_2tmp"/>
    <property name="jdk.debug" value="release"/>
    <property name="surefire.test.class.path" value="/home/hippyod/elcicd-dev/Test-CICD-Cucumber-Tests/target/test-classes:/home/hippyod/elcicd-dev/Test-CICD-Cucumber-Tests/target/classes:/home/hippyod/.m2/repository/io/cucumber/cucumber-java/7.14.1/cucumber-java-7.14.1.jar:/home/hippyod/.m2/repository/io/cucumber/cucumber-core/7.14.1/cucumber-core-7.14.1.jar:/home/hippyod/.m2/repository/io/cucumber/cucumber-gherkin/7.14.1/cucumber-gherkin-7.14.1.jar:/home/hippyod/.m2/repository/io/cucumber/cucumber-gherkin-messages/7.14.1/cucumber-gherkin-messages-7.14.1.jar:/home/hippyod/.m2/repository/io/cucumber/gherkin/26.2.0/gherkin-26.2.0.jar:/home/hippyod/.m2/repository/io/cucumber/messages/22.0.0/messages-22.0.0.jar:/home/hippyod/.m2/repository/io/cucumber/tag-expressions/6.0.0/tag-expressions-6.0.0.jar:/home/hippyod/.m2/repository/io/cucumber/cucumber-expressions/17.0.1/cucumber-expressions-17.0.1.jar:/home/hippyod/.m2/repository/io/cucumber/datatable/7.14.1/datatable-7.14.1.jar:/home/hippyod/.m2/repository/io/cucumber/cucumber-plugin/7.14.1/cucumber-plugin-7.14.1.jar:/home/hippyod/.m2/repository/io/cucumber/docstring/7.14.1/docstring-7.14.1.jar:/home/hippyod/.m2/repository/io/cucumber/html-formatter/20.4.0/html-formatter-20.4.0.jar:/home/hippyod/.m2/repository/io/cucumber/junit-xml-formatter/0.2.0/junit-xml-formatter-0.2.0.jar:/home/hippyod/.m2/repository/io/cucumber/ci-environment/10.0.0/ci-environment-10.0.0.jar:/home/hippyod/.m2/repository/org/apiguardian/apiguardian-api/1.1.2/apiguardian-api-1.1.2.jar:/home/hippyod/.m2/repository/io/cucumber/cucumber-junit-platform-engine/7.14.1/cucumber-junit-platform-engine-7.14.1.jar:/home/hippyod/.m2/repository/org/junit/platform/junit-platform-engine/1.10.1/junit-platform-engine-1.10.1.jar:/home/hippyod/.m2/repository/org/opentest4j/opentest4j/1.3.0/opentest4j-1.3.0.jar:/home/hippyod/.m2/repository/org/junit/platform/junit-platform-commons/1.10.1/junit-platform-commons-1.10.1.jar:/home/hippyod/.m2/repository/org/junit/platform/junit-platform-suite/1.10.1/junit-platform-suite-1.10.1.jar:/home/hippyod/.m2/repository/org/junit/platform/junit-platform-suite-api/1.10.1/junit-platform-suite-api-1.10.1.jar:/home/hippyod/.m2/repository/org/junit/platform/junit-platform-suite-engine/1.10.1/junit-platform-suite-engine-1.10.1.jar:/home/hippyod/.m2/repository/org/junit/platform/junit-platform-suite-commons/1.10.1/junit-platform-suite-commons-1.10.1.jar:/home/hippyod/.m2/repository/org/junit/platform/junit-platform-launcher/1.10.1/junit-platform-launcher-1.10.1.jar:/home/hippyod/.m2/repository/org/junit/jupiter/junit-jupiter/5.10.1/junit-jupiter-5.10.1.jar:/home/hippyod/.m2/repository/org/junit/jupiter/junit-jupiter-api/5.10.1/junit-jupiter-api-5.10.1.jar:/home/hippyod/.m2/repository/org/junit/jupiter/junit-jupiter-params/5.10.1/junit-jupiter-params-5.10.1.jar:/home/hippyod/.m2/repository/org/junit/jupiter/junit-jupiter-engine/5.10.1/junit-jupiter-engine-5.10.1.jar:/home/hippyod/.m2/repository/com/fasterxml/jackson/core/jackson-databind/2.15.2/jackson-databind-2.15.2.jar:/home/hippyod/.m2/repository/com/fasterxml/jackson/core/jackson-annotations/2.15.2/jackson-annotations-2.15.2.jar:/home/hippyod/.m2/repository/com/fasterxml/jackson/core/jackson-core/2.15.2/jackson-core-2.15.2.jar:"/>
    <property name="sun.cpu.endian" value="little"/>
    <property name="user.home" value="/home/hippyod"/>
    <property name="user.language" value="en"/>
    <property name="java.specification.vendor" value="Oracle Corporation"/>
    <property name="java.version.date" value="2023-07-18"/>
    <property name="java.home" value="/usr/lib/jvm/java-11-openjdk-11.0.20.0.8-1.fc38.x86_64"/>
    <property name="file.separator" value="/"/>
    <property name="basedir" value="/home/hippyod/elcicd-dev/Test-CICD-Cucumber-Tests"/>
    <property name="java.vm.compressedOopsMode" value="Zero based"/>
    <property name="line.separator" value="&#10;"/>
    <property name="java.specification.name" value="Java Platform API Specification"/>
    <property name="java.vm.specification.vendor" value="Oracle Corporation"/>
    <property name="java.awt.graphicsenv" value="sun.awt.X11GraphicsEnvironment"/>
    <property name="surefire.real.class.path" value="/home/hippyod/elcicd-dev/Test-CICD-Cucumber-Tests/target/surefire/surefirebooter-20231202221710018_3.jar"/>
    <property name="sun.management.compiler" value="HotSpot 64-Bit Tiered Compilers"/>
    <property name="java.runtime.version" value="11.0.20+8"/>
    <property name="user.name" value="hippyod"/>
    <property name="path.separator" value=":"/>
    <property name="os.version" value="6.6.2-101.fc38.x86_64"/>
    <property name="java.runtime.name" value="OpenJDK Runtime Environment"/>
    <property name="file.encoding" value="UTF-8"/>
    <property name="java.vm.name" value="OpenJDK 64-Bit Server VM"/>
    <property name="java.vendor.version" value="(Red_Hat-11.0.20.0.8-1.fc38)"/>
    <property name="localRepository" value="/home/hippyod/.m2/repository"/>
    <property name="java.vendor.url.bug" value="https://bugzilla.redhat.com/enter_bug.cgi?product=Fedora&amp;component=java-11-openjdk-portable&amp;version=38"/>
    <property name="java.io.tmpdir" value="/tmp"/>
    <property name="java.version" value="11.0.20"/>
    <property name="user.dir" value="/home/hippyod/elcicd-dev/Test-CICD-Cucumber-Tests"/>
    <property name="os.arch" value="amd64"/>
    <property name="java.vm.specification.name" value="Java Virtual Machine Specification"/>
    <property name="java.awt.printerjob" value="sun.print.PSPrinterJob"/>
    <property name="sun.os.patch.level" value="unknown"/>
    <property name="java.library.path" value="/usr/java/packages/lib:/usr/lib64:/lib64:/lib:/usr/lib"/>
    <property name="java.vm.info" value="mixed mode, sharing"/>
    <property name="java.vendor" value="Red Hat, Inc."/>
    <property name="java.vm.version" value="11.0.20+8"/>
    <property name="java.specification.maintenance.version" value="2"/>
    <property name="sun.io.unicode.encoding" value="UnicodeLittle"/>
    <property name="java.class.version" value="55.0"/>
  </properties>
  <testcase name="stationdemo pod delivers a list of stations" classname="Is there a list of stations?" time="0.278">
    <system-out><![CDATA[
Scenario: stationdemo pod delivers a list of stations &amp#27;[90m# stationdemo/is-the-station-list-reachable.feature:3&amp#27;[0m
  &amp#27;[32mGiven &amp#27;[0m&amp#27;[32mthe stationdemo app returns http code 200&amp#27;[0m     &amp#27;[90m# stationdemo.StepDefinitions.the_stationdemo_app_returns_http_code_200()&amp#27;[0m
  &amp#27;[32mWhen &amp#27;[0m&amp#27;[32mwe call the stations url&amp#27;[0m                       &amp#27;[90m# stationdemo.StepDefinitions.we_call_the_stations_url()&amp#27;[0m
  &amp#27;[32mThen &amp#27;[0m&amp#27;[32mwe get a json list of stations&amp#27;[0m                 &amp#27;[90m# stationdemo.StepDefinitions.we_get_a_json_list_of_stations()&amp#27;[0m
]]></system-out>
  </testcase>
</testsuite>